[2021-03-10 06:07:11] production.ERROR: Please provide a valid cache path. {"exception":"[object] (InvalidArgumentException(code: 0): Please provide a valid cache path. at X:\\laragon\\www\\hrmsaas.local\\vendor\\laravel\\framework\\src\\Illuminate\\View\\Compilers\\Compiler.php:36)
[stacktrace]
#0 X:\\laragon\\www\\hrmsaas.local\\vendor\\laravel\\framework\\src\\Illuminate\\View\\ViewServiceProvider.php(88): Illuminate\\View\\Compilers\\Compiler->__construct(Object(Illuminate\\Filesystem\\Filesystem), false)
#1 X:\\laragon\\www\\hrmsaas.local\\vendor\\laravel\\framework\\src\\Illuminate\\Container\\Container.php(826): Illuminate\\View\\ViewServiceProvider->Illuminate\\View\\{closure}(Object(Illuminate\\Foundation\\Application), Array)
#2 X:\\laragon\\www\\hrmsaas.local\\vendor\\laravel\\framework\\src\\Illuminate\\Container\\Container.php(712): Illuminate\\Container\\Container->build(Object(Closure))
#3 X:\\laragon\\www\\hrmsaas.local\\vendor\\laravel\\framework\\src\\Illuminate\\Foundation\\Application.php(841): Illuminate\\Container\\Container->resolve('blade.compiler', Array, true)
#4 X:\\laragon\\www\\hrmsaas.local\\vendor\\laravel\\framework\\src\\Illuminate\\Container\\Container.php(651): Illuminate\\Foundation\\Application->resolve('blade.compiler', Array)
#5 X:\\laragon\\www\\hrmsaas.local\\vendor\\laravel\\framework\\src\\Illuminate\\Foundation\\Application.php(826): Illuminate\\Container\\Container->make('blade.compiler', Array)
#6 X:\\laragon\\www\\hrmsaas.local\\vendor\\laravel\\framework\\src\\Illuminate\\Container\\Container.php(1358): Illuminate\\Foundation\\Application->make('blade.compiler')
#7 X:\\laragon\\www\\hrmsaas.local\\vendor\\laravel\\framework\\src\\Illuminate\\View\\ViewServiceProvider.php(150): Illuminate\\Container\\Container->offsetGet('blade.compiler')
#8 [internal function]: Illuminate\\View\\ViewServiceProvider->Illuminate\\View\\{closure}()
#9 X:\\laragon\\www\\hrmsaas.local\\vendor\\laravel\\framework\\src\\Illuminate\\View\\Engines\\EngineResolver.php(55): call_user_func(Object(Closure))
#10 X:\\laragon\\www\\hrmsaas.local\\vendor\\facade\\ignition\\src\\IgnitionServiceProvider.php(415): Illuminate\\View\\Engines\\EngineResolver->resolve('blade')
#11 X:\\laragon\\www\\hrmsaas.local\\vendor\\facade\\ignition\\src\\IgnitionServiceProvider.php(138): Facade\\Ignition\\IgnitionServiceProvider->hasCustomViewEnginesRegistered()
#12 X:\\laragon\\www\\hrmsaas.local\\vendor\\facade\\ignition\\src\\IgnitionServiceProvider.php(88): Facade\\Ignition\\IgnitionServiceProvider->registerViewEngines()
#13 X:\\laragon\\www\\hrmsaas.local\\vendor\\laravel\\framework\\src\\Illuminate\\Container\\BoundMethod.php(36): Facade\\Ignition\\IgnitionServiceProvider->boot()
#14 X:\\laragon\\www\\hrmsaas.local\\vendor\\laravel\\framework\\src\\Illuminate\\Container\\Util.php(40): Illuminate\\Container\\BoundMethod::Illuminate\\Container\\{closure}()
#15 X:\\laragon\\www\\hrmsaas.local\\vendor\\laravel\\framework\\src\\Illuminate\\Container\\BoundMethod.php(93): Illuminate\\Container\\Util::unwrapIfClosure(Object(Closure))
#16 X:\\laragon\\www\\hrmsaas.local\\vendor\\laravel\\framework\\src\\Illuminate\\Container\\BoundMethod.php(37): Illuminate\\Container\\BoundMethod::callBoundMethod(Object(Illuminate\\Foundation\\Application), Array, Object(Closure))
#17 X:\\laragon\\www\\hrmsaas.local\\vendor\\laravel\\framework\\src\\Illuminate\\Container\\Container.php(610): Illuminate\\Container\\BoundMethod::call(Object(Illuminate\\Foundation\\Application), Array, Array, NULL)
#18 X:\\laragon\\www\\hrmsaas.local\\vendor\\laravel\\framework\\src\\Illuminate\\Foundation\\Application.php(914): Illuminate\\Container\\Container->call(Array)
#19 X:\\laragon\\www\\hrmsaas.local\\vendor\\laravel\\framework\\src\\Illuminate\\Foundation\\Application.php(895): Illuminate\\Foundation\\Application->bootProvider(Object(Facade\\Ignition\\IgnitionServiceProvider))
#20 [internal function]: Illuminate\\Foundation\\Application->Illuminate\\Foundation\\{closure}(Object(Facade\\Ignition\\IgnitionServiceProvider), 16)
#21 X:\\laragon\\www\\hrmsaas.local\\vendor\\laravel\\framework\\src\\Illuminate\\Foundation\\Application.php(896): array_walk(Array, Object(Closure))
#22 X:\\laragon\\www\\hrmsaas.local\\vendor\\laravel\\framework\\src\\Illuminate\\Foundation\\Bootstrap\\BootProviders.php(17): Illuminate\\Foundation\\Application->boot()
#23 X:\\laragon\\www\\hrmsaas.local\\vendor\\laravel\\framework\\src\\Illuminate\\Foundation\\Application.php(237): Illuminate\\Foundation\\Bootstrap\\BootProviders->bootstrap(Object(Illuminate\\Foundation\\Application))
#24 X:\\laragon\\www\\hrmsaas.local\\vendor\\laravel\\framework\\src\\Illuminate\\Foundation\\Console\\Kernel.php(310): Illuminate\\Foundation\\Application->bootstrapWith(Array)
#25 X:\\laragon\\www\\hrmsaas.local\\vendor\\laravel\\framework\\src\\Illuminate\\Foundation\\Console\\Kernel.php(127): Illuminate\\Foundation\\Console\\Kernel->bootstrap()
#26 X:\\laragon\\www\\hrmsaas.local\\artisan(14): Illuminate\\Foundation\\Console\\Kernel->handle(Object(Symfony\\Component\\Console\\Input\\ArgvInput), Object(Symfony\\Component\\Console\\Output\\ConsoleOutput))
#27 {main}
"} 
[2021-03-10 06:08:00] production.ERROR: Please provide a valid cache path. {"exception":"[object] (InvalidArgumentException(code: 0): Please provide a valid cache path. at X:\\laragon\\www\\hrmsaas.local\\vendor\\laravel\\framework\\src\\Illuminate\\View\\Compilers\\Compiler.php:36)
[stacktrace]
#0 X:\\laragon\\www\\hrmsaas.local\\vendor\\laravel\\framework\\src\\Illuminate\\View\\ViewServiceProvider.php(88): Illuminate\\View\\Compilers\\Compiler->__construct(Object(Illuminate\\Filesystem\\Filesystem), false)
#1 X:\\laragon\\www\\hrmsaas.local\\vendor\\laravel\\framework\\src\\Illuminate\\Container\\Container.php(826): Illuminate\\View\\ViewServiceProvider->Illuminate\\View\\{closure}(Object(Illuminate\\Foundation\\Application), Array)
#2 X:\\laragon\\www\\hrmsaas.local\\vendor\\laravel\\framework\\src\\Illuminate\\Container\\Container.php(712): Illuminate\\Container\\Container->build(Object(Closure))
#3 X:\\laragon\\www\\hrmsaas.local\\vendor\\laravel\\framework\\src\\Illuminate\\Foundation\\Application.php(841): Illuminate\\Container\\Container->resolve('blade.compiler', Array, true)
#4 X:\\laragon\\www\\hrmsaas.local\\vendor\\laravel\\framework\\src\\Illuminate\\Container\\Container.php(651): Illuminate\\Foundation\\Application->resolve('blade.compiler', Array)
#5 X:\\laragon\\www\\hrmsaas.local\\vendor\\laravel\\framework\\src\\Illuminate\\Foundation\\Application.php(826): Illuminate\\Container\\Container->make('blade.compiler', Array)
#6 X:\\laragon\\www\\hrmsaas.local\\vendor\\laravel\\framework\\src\\Illuminate\\Container\\Container.php(1358): Illuminate\\Foundation\\Application->make('blade.compiler')
#7 X:\\laragon\\www\\hrmsaas.local\\vendor\\laravel\\framework\\src\\Illuminate\\View\\ViewServiceProvider.php(150): Illuminate\\Container\\Container->offsetGet('blade.compiler')
#8 [internal function]: Illuminate\\View\\ViewServiceProvider->Illuminate\\View\\{closure}()
#9 X:\\laragon\\www\\hrmsaas.local\\vendor\\laravel\\framework\\src\\Illuminate\\View\\Engines\\EngineResolver.php(55): call_user_func(Object(Closure))
#10 X:\\laragon\\www\\hrmsaas.local\\vendor\\facade\\ignition\\src\\IgnitionServiceProvider.php(415): Illuminate\\View\\Engines\\EngineResolver->resolve('blade')
#11 X:\\laragon\\www\\hrmsaas.local\\vendor\\facade\\ignition\\src\\IgnitionServiceProvider.php(138): Facade\\Ignition\\IgnitionServiceProvider->hasCustomViewEnginesRegistered()
#12 X:\\laragon\\www\\hrmsaas.local\\vendor\\facade\\ignition\\src\\IgnitionServiceProvider.php(88): Facade\\Ignition\\IgnitionServiceProvider->registerViewEngines()
#13 X:\\laragon\\www\\hrmsaas.local\\vendor\\laravel\\framework\\src\\Illuminate\\Container\\BoundMethod.php(36): Facade\\Ignition\\IgnitionServiceProvider->boot()
#14 X:\\laragon\\www\\hrmsaas.local\\vendor\\laravel\\framework\\src\\Illuminate\\Container\\Util.php(40): Illuminate\\Container\\BoundMethod::Illuminate\\Container\\{closure}()
#15 X:\\laragon\\www\\hrmsaas.local\\vendor\\laravel\\framework\\src\\Illuminate\\Container\\BoundMethod.php(93): Illuminate\\Container\\Util::unwrapIfClosure(Object(Closure))
#16 X:\\laragon\\www\\hrmsaas.local\\vendor\\laravel\\framework\\src\\Illuminate\\Container\\BoundMethod.php(37): Illuminate\\Container\\BoundMethod::callBoundMethod(Object(Illuminate\\Foundation\\Application), Array, Object(Closure))
#17 X:\\laragon\\www\\hrmsaas.local\\vendor\\laravel\\framework\\src\\Illuminate\\Container\\Container.php(610): Illuminate\\Container\\BoundMethod::call(Object(Illuminate\\Foundation\\Application), Array, Array, NULL)
#18 X:\\laragon\\www\\hrmsaas.local\\vendor\\laravel\\framework\\src\\Illuminate\\Foundation\\Application.php(914): Illuminate\\Container\\Container->call(Array)
#19 X:\\laragon\\www\\hrmsaas.local\\vendor\\laravel\\framework\\src\\Illuminate\\Foundation\\Application.php(895): Illuminate\\Foundation\\Application->bootProvider(Object(Facade\\Ignition\\IgnitionServiceProvider))
#20 [internal function]: Illuminate\\Foundation\\Application->Illuminate\\Foundation\\{closure}(Object(Facade\\Ignition\\IgnitionServiceProvider), 16)
#21 X:\\laragon\\www\\hrmsaas.local\\vendor\\laravel\\framework\\src\\Illuminate\\Foundation\\Application.php(896): array_walk(Array, Object(Closure))
#22 X:\\laragon\\www\\hrmsaas.local\\vendor\\laravel\\framework\\src\\Illuminate\\Foundation\\Bootstrap\\BootProviders.php(17): Illuminate\\Foundation\\Application->boot()
#23 X:\\laragon\\www\\hrmsaas.local\\vendor\\laravel\\framework\\src\\Illuminate\\Foundation\\Application.php(237): Illuminate\\Foundation\\Bootstrap\\BootProviders->bootstrap(Object(Illuminate\\Foundation\\Application))
#24 X:\\laragon\\www\\hrmsaas.local\\vendor\\laravel\\framework\\src\\Illuminate\\Foundation\\Http\\Kernel.php(152): Illuminate\\Foundation\\Application->bootstrapWith(Array)
#25 X:\\laragon\\www\\hrmsaas.local\\vendor\\laravel\\framework\\src\\Illuminate\\Foundation\\Http\\Kernel.php(136): Illuminate\\Foundation\\Http\\Kernel->bootstrap()
#26 X:\\laragon\\www\\hrmsaas.local\\vendor\\laravel\\framework\\src\\Illuminate\\Foundation\\Http\\Kernel.php(110): Illuminate\\Foundation\\Http\\Kernel->sendRequestThroughRouter(Object(Illuminate\\Http\\Request))
#27 X:\\laragon\\www\\hrmsaas.local\\public\\index.php(12): Illuminate\\Foundation\\Http\\Kernel->handle(Object(Illuminate\\Http\\Request))
#28 {main}
"} 
[2021-03-10 06:08:00] production.ERROR: Please provide a valid cache path. {"exception":"[object] (InvalidArgumentException(code: 0): Please provide a valid cache path. at X:\\laragon\\www\\hrmsaas.local\\vendor\\laravel\\framework\\src\\Illuminate\\View\\Compilers\\Compiler.php:36)
[stacktrace]
#0 X:\\laragon\\www\\hrmsaas.local\\vendor\\laravel\\framework\\src\\Illuminate\\View\\ViewServiceProvider.php(88): Illuminate\\View\\Compilers\\Compiler->__construct(Object(Illuminate\\Filesystem\\Filesystem), false)
#1 X:\\laragon\\www\\hrmsaas.local\\vendor\\laravel\\framework\\src\\Illuminate\\Container\\Container.php(826): Illuminate\\View\\ViewServiceProvider->Illuminate\\View\\{closure}(Object(Illuminate\\Foundation\\Application), Array)
#2 X:\\laragon\\www\\hrmsaas.local\\vendor\\laravel\\framework\\src\\Illuminate\\Container\\Container.php(712): Illuminate\\Container\\Container->build(Object(Closure))
#3 X:\\laragon\\www\\hrmsaas.local\\vendor\\laravel\\framework\\src\\Illuminate\\Foundation\\Application.php(841): Illuminate\\Container\\Container->resolve('blade.compiler', Array, true)
#4 X:\\laragon\\www\\hrmsaas.local\\vendor\\laravel\\framework\\src\\Illuminate\\Container\\Container.php(651): Illuminate\\Foundation\\Application->resolve('blade.compiler', Array)
#5 X:\\laragon\\www\\hrmsaas.local\\vendor\\laravel\\framework\\src\\Illuminate\\Foundation\\Application.php(826): Illuminate\\Container\\Container->make('blade.compiler', Array)
#6 X:\\laragon\\www\\hrmsaas.local\\vendor\\laravel\\framework\\src\\Illuminate\\Container\\Container.php(1358): Illuminate\\Foundation\\Application->make('blade.compiler')
#7 X:\\laragon\\www\\hrmsaas.local\\vendor\\laravel\\framework\\src\\Illuminate\\View\\ViewServiceProvider.php(150): Illuminate\\Container\\Container->offsetGet('blade.compiler')
#8 [internal function]: Illuminate\\View\\ViewServiceProvider->Illuminate\\View\\{closure}()
#9 X:\\laragon\\www\\hrmsaas.local\\vendor\\laravel\\framework\\src\\Illuminate\\View\\Engines\\EngineResolver.php(55): call_user_func(Object(Closure))
#10 X:\\laragon\\www\\hrmsaas.local\\vendor\\laravel\\framework\\src\\Illuminate\\View\\Factory.php(296): Illuminate\\View\\Engines\\EngineResolver->resolve('blade')
#11 X:\\laragon\\www\\hrmsaas.local\\vendor\\laravel\\framework\\src\\Illuminate\\View\\Factory.php(260): Illuminate\\View\\Factory->getEngineFromPath('X:\\\\laragon\\\\www\\\\...')
#12 X:\\laragon\\www\\hrmsaas.local\\vendor\\laravel\\framework\\src\\Illuminate\\View\\Factory.php(146): Illuminate\\View\\Factory->viewInstance('errors::500', 'X:\\\\laragon\\\\www\\\\...', Array)
#13 X:\\laragon\\www\\hrmsaas.local\\vendor\\laravel\\framework\\src\\Illuminate\\Routing\\ResponseFactory.php(85): Illuminate\\View\\Factory->make('errors::500', Array)
#14 X:\\laragon\\www\\hrmsaas.local\\vendor\\laravel\\framework\\src\\Illuminate\\Foundation\\Exceptions\\Handler.php(561): Illuminate\\Routing\\ResponseFactory->view('errors::500', Array, 500, Array)
#15 X:\\laragon\\www\\hrmsaas.local\\vendor\\laravel\\framework\\src\\Illuminate\\Foundation\\Exceptions\\Handler.php(466): Illuminate\\Foundation\\Exceptions\\Handler->renderHttpException(Object(Symfony\\Component\\HttpKernel\\Exception\\HttpException))
#16 X:\\laragon\\www\\hrmsaas.local\\vendor\\laravel\\framework\\src\\Illuminate\\Foundation\\Exceptions\\Handler.php(344): Illuminate\\Foundation\\Exceptions\\Handler->prepareResponse(Object(Illuminate\\Http\\Request), Object(Symfony\\Component\\HttpKernel\\Exception\\HttpException))
#17 X:\\laragon\\www\\hrmsaas.local\\app\\Exceptions\\Handler.php(53): Illuminate\\Foundation\\Exceptions\\Handler->render(Object(Illuminate\\Http\\Request), Object(InvalidArgumentException))
#18 X:\\laragon\\www\\hrmsaas.local\\vendor\\laravel\\framework\\src\\Illuminate\\Foundation\\Http\\Kernel.php(416): App\\Exceptions\\Handler->render(Object(Illuminate\\Http\\Request), Object(InvalidArgumentException))
#19 X:\\laragon\\www\\hrmsaas.local\\vendor\\laravel\\framework\\src\\Illuminate\\Foundation\\Http\\Kernel.php(114): Illuminate\\Foundation\\Http\\Kernel->renderException(Object(Illuminate\\Http\\Request), Object(InvalidArgumentException))
#20 X:\\laragon\\www\\hrmsaas.local\\public\\index.php(12): Illuminate\\Foundation\\Http\\Kernel->handle(Object(Illuminate\\Http\\Request))
#21 {main}
"} 
[2021-03-10 06:08:00] production.ERROR: Uncaught InvalidArgumentException: Please provide a valid cache path. in X:\laragon\www\hrmsaas.local\vendor\laravel\framework\src\Illuminate\View\Compilers\Compiler.php:36
Stack trace:
#0 X:\laragon\www\hrmsaas.local\vendor\laravel\framework\src\Illuminate\View\ViewServiceProvider.php(88): Illuminate\View\Compilers\Compiler->__construct(Object(Illuminate\Filesystem\Filesystem), false)
#1 X:\laragon\www\hrmsaas.local\vendor\laravel\framework\src\Illuminate\Container\Container.php(826): Illuminate\View\ViewServiceProvider->Illuminate\View\{closure}(Object(Illuminate\Foundation\Application), Array)
#2 X:\laragon\www\hrmsaas.local\vendor\laravel\framework\src\Illuminate\Container\Container.php(712): Illuminate\Container\Container->build(Object(Closure))
#3 X:\laragon\www\hrmsaas.local\vendor\laravel\framework\src\Illuminate\Foundation\Application.php(841): Illuminate\Container\Container->resolve('blade.compiler', Array, true)
#4 X:\laragon\www\hrmsaas.local\vendor\laravel\framework\src\Illuminate\Container\Conta {"exception":"[object] (Symfony\\Component\\ErrorHandler\\Error\\FatalError(code: 0): Uncaught InvalidArgumentException: Please provide a valid cache path. in X:\\laragon\\www\\hrmsaas.local\\vendor\\laravel\\framework\\src\\Illuminate\\View\\Compilers\\Compiler.php:36
Stack trace:
#0 X:\\laragon\\www\\hrmsaas.local\\vendor\\laravel\\framework\\src\\Illuminate\\View\\ViewServiceProvider.php(88): Illuminate\\View\\Compilers\\Compiler->__construct(Object(Illuminate\\Filesystem\\Filesystem), false)
#1 X:\\laragon\\www\\hrmsaas.local\\vendor\\laravel\\framework\\src\\Illuminate\\Container\\Container.php(826): Illuminate\\View\\ViewServiceProvider->Illuminate\\View\\{closure}(Object(Illuminate\\Foundation\\Application), Array)
#2 X:\\laragon\\www\\hrmsaas.local\\vendor\\laravel\\framework\\src\\Illuminate\\Container\\Container.php(712): Illuminate\\Container\\Container->build(Object(Closure))
#3 X:\\laragon\\www\\hrmsaas.local\\vendor\\laravel\\framework\\src\\Illuminate\\Foundation\\Application.php(841): Illuminate\\Container\\Container->resolve('blade.compiler', Array, true)
#4 X:\\laragon\\www\\hrmsaas.local\\vendor\\laravel\\framework\\src\\Illuminate\\Container\\Conta at X:\\laragon\\www\\hrmsaas.local\\vendor\\laravel\\framework\\src\\Illuminate\\View\\Compilers\\Compiler.php:36)
[stacktrace]
#0 {main}
"} 
[2021-03-10 06:08:07] local.ERROR: Please provide a valid cache path. {"exception":"[object] (InvalidArgumentException(code: 0): Please provide a valid cache path. at X:\\laragon\\www\\hrmsaas.local\\vendor\\laravel\\framework\\src\\Illuminate\\View\\Compilers\\Compiler.php:36)
[stacktrace]
#0 X:\\laragon\\www\\hrmsaas.local\\vendor\\laravel\\framework\\src\\Illuminate\\View\\ViewServiceProvider.php(88): Illuminate\\View\\Compilers\\Compiler->__construct(Object(Illuminate\\Filesystem\\Filesystem), false)
#1 X:\\laragon\\www\\hrmsaas.local\\vendor\\laravel\\framework\\src\\Illuminate\\Container\\Container.php(826): Illuminate\\View\\ViewServiceProvider->Illuminate\\View\\{closure}(Object(Illuminate\\Foundation\\Application), Array)
#2 X:\\laragon\\www\\hrmsaas.local\\vendor\\laravel\\framework\\src\\Illuminate\\Container\\Container.php(712): Illuminate\\Container\\Container->build(Object(Closure))
#3 X:\\laragon\\www\\hrmsaas.local\\vendor\\laravel\\framework\\src\\Illuminate\\Foundation\\Application.php(841): Illuminate\\Container\\Container->resolve('blade.compiler', Array, true)
#4 X:\\laragon\\www\\hrmsaas.local\\vendor\\laravel\\framework\\src\\Illuminate\\Container\\Container.php(651): Illuminate\\Foundation\\Application->resolve('blade.compiler', Array)
#5 X:\\laragon\\www\\hrmsaas.local\\vendor\\laravel\\framework\\src\\Illuminate\\Foundation\\Application.php(826): Illuminate\\Container\\Container->make('blade.compiler', Array)
#6 X:\\laragon\\www\\hrmsaas.local\\vendor\\laravel\\framework\\src\\Illuminate\\Container\\Container.php(1358): Illuminate\\Foundation\\Application->make('blade.compiler')
#7 X:\\laragon\\www\\hrmsaas.local\\vendor\\laravel\\framework\\src\\Illuminate\\View\\ViewServiceProvider.php(150): Illuminate\\Container\\Container->offsetGet('blade.compiler')
#8 [internal function]: Illuminate\\View\\ViewServiceProvider->Illuminate\\View\\{closure}()
#9 X:\\laragon\\www\\hrmsaas.local\\vendor\\laravel\\framework\\src\\Illuminate\\View\\Engines\\EngineResolver.php(55): call_user_func(Object(Closure))
#10 X:\\laragon\\www\\hrmsaas.local\\vendor\\facade\\ignition\\src\\IgnitionServiceProvider.php(415): Illuminate\\View\\Engines\\EngineResolver->resolve('blade')
#11 X:\\laragon\\www\\hrmsaas.local\\vendor\\facade\\ignition\\src\\IgnitionServiceProvider.php(138): Facade\\Ignition\\IgnitionServiceProvider->hasCustomViewEnginesRegistered()
#12 X:\\laragon\\www\\hrmsaas.local\\vendor\\facade\\ignition\\src\\IgnitionServiceProvider.php(88): Facade\\Ignition\\IgnitionServiceProvider->registerViewEngines()
#13 X:\\laragon\\www\\hrmsaas.local\\vendor\\laravel\\framework\\src\\Illuminate\\Container\\BoundMethod.php(36): Facade\\Ignition\\IgnitionServiceProvider->boot()
#14 X:\\laragon\\www\\hrmsaas.local\\vendor\\laravel\\framework\\src\\Illuminate\\Container\\Util.php(40): Illuminate\\Container\\BoundMethod::Illuminate\\Container\\{closure}()
#15 X:\\laragon\\www\\hrmsaas.local\\vendor\\laravel\\framework\\src\\Illuminate\\Container\\BoundMethod.php(93): Illuminate\\Container\\Util::unwrapIfClosure(Object(Closure))
#16 X:\\laragon\\www\\hrmsaas.local\\vendor\\laravel\\framework\\src\\Illuminate\\Container\\BoundMethod.php(37): Illuminate\\Container\\BoundMethod::callBoundMethod(Object(Illuminate\\Foundation\\Application), Array, Object(Closure))
#17 X:\\laragon\\www\\hrmsaas.local\\vendor\\laravel\\framework\\src\\Illuminate\\Container\\Container.php(610): Illuminate\\Container\\BoundMethod::call(Object(Illuminate\\Foundation\\Application), Array, Array, NULL)
#18 X:\\laragon\\www\\hrmsaas.local\\vendor\\laravel\\framework\\src\\Illuminate\\Foundation\\Application.php(914): Illuminate\\Container\\Container->call(Array)
#19 X:\\laragon\\www\\hrmsaas.local\\vendor\\laravel\\framework\\src\\Illuminate\\Foundation\\Application.php(895): Illuminate\\Foundation\\Application->bootProvider(Object(Facade\\Ignition\\IgnitionServiceProvider))
#20 [internal function]: Illuminate\\Foundation\\Application->Illuminate\\Foundation\\{closure}(Object(Facade\\Ignition\\IgnitionServiceProvider), 16)
#21 X:\\laragon\\www\\hrmsaas.local\\vendor\\laravel\\framework\\src\\Illuminate\\Foundation\\Application.php(896): array_walk(Array, Object(Closure))
#22 X:\\laragon\\www\\hrmsaas.local\\vendor\\laravel\\framework\\src\\Illuminate\\Foundation\\Bootstrap\\BootProviders.php(17): Illuminate\\Foundation\\Application->boot()
#23 X:\\laragon\\www\\hrmsaas.local\\vendor\\laravel\\framework\\src\\Illuminate\\Foundation\\Application.php(237): Illuminate\\Foundation\\Bootstrap\\BootProviders->bootstrap(Object(Illuminate\\Foundation\\Application))
#24 X:\\laragon\\www\\hrmsaas.local\\vendor\\laravel\\framework\\src\\Illuminate\\Foundation\\Http\\Kernel.php(152): Illuminate\\Foundation\\Application->bootstrapWith(Array)
#25 X:\\laragon\\www\\hrmsaas.local\\vendor\\laravel\\framework\\src\\Illuminate\\Foundation\\Http\\Kernel.php(136): Illuminate\\Foundation\\Http\\Kernel->bootstrap()
#26 X:\\laragon\\www\\hrmsaas.local\\vendor\\laravel\\framework\\src\\Illuminate\\Foundation\\Http\\Kernel.php(110): Illuminate\\Foundation\\Http\\Kernel->sendRequestThroughRouter(Object(Illuminate\\Http\\Request))
#27 X:\\laragon\\www\\hrmsaas.local\\public\\index.php(12): Illuminate\\Foundation\\Http\\Kernel->handle(Object(Illuminate\\Http\\Request))
#28 {main}
"} 
[2021-03-10 06:08:07] local.ERROR: Please provide a valid cache path. {"exception":"[object] (InvalidArgumentException(code: 0): Please provide a valid cache path. at X:\\laragon\\www\\hrmsaas.local\\vendor\\laravel\\framework\\src\\Illuminate\\View\\Compilers\\Compiler.php:36)
[stacktrace]
#0 X:\\laragon\\www\\hrmsaas.local\\vendor\\laravel\\framework\\src\\Illuminate\\View\\ViewServiceProvider.php(88): Illuminate\\View\\Compilers\\Compiler->__construct(Object(Illuminate\\Filesystem\\Filesystem), false)
#1 X:\\laragon\\www\\hrmsaas.local\\vendor\\laravel\\framework\\src\\Illuminate\\Container\\Container.php(826): Illuminate\\View\\ViewServiceProvider->Illuminate\\View\\{closure}(Object(Illuminate\\Foundation\\Application), Array)
#2 X:\\laragon\\www\\hrmsaas.local\\vendor\\laravel\\framework\\src\\Illuminate\\Container\\Container.php(712): Illuminate\\Container\\Container->build(Object(Closure))
#3 X:\\laragon\\www\\hrmsaas.local\\vendor\\laravel\\framework\\src\\Illuminate\\Foundation\\Application.php(841): Illuminate\\Container\\Container->resolve('blade.compiler', Array, true)
#4 X:\\laragon\\www\\hrmsaas.local\\vendor\\laravel\\framework\\src\\Illuminate\\Container\\Container.php(651): Illuminate\\Foundation\\Application->resolve('blade.compiler', Array)
#5 X:\\laragon\\www\\hrmsaas.local\\vendor\\laravel\\framework\\src\\Illuminate\\Foundation\\Application.php(826): Illuminate\\Container\\Container->make('blade.compiler', Array)
#6 X:\\laragon\\www\\hrmsaas.local\\vendor\\laravel\\framework\\src\\Illuminate\\Container\\Container.php(1358): Illuminate\\Foundation\\Application->make('blade.compiler')
#7 X:\\laragon\\www\\hrmsaas.local\\vendor\\laravel\\framework\\src\\Illuminate\\View\\ViewServiceProvider.php(150): Illuminate\\Container\\Container->offsetGet('blade.compiler')
#8 [internal function]: Illuminate\\View\\ViewServiceProvider->Illuminate\\View\\{closure}()
#9 X:\\laragon\\www\\hrmsaas.local\\vendor\\laravel\\framework\\src\\Illuminate\\View\\Engines\\EngineResolver.php(55): call_user_func(Object(Closure))
#10 X:\\laragon\\www\\hrmsaas.local\\vendor\\laravel\\framework\\src\\Illuminate\\View\\Factory.php(296): Illuminate\\View\\Engines\\EngineResolver->resolve('blade')
#11 X:\\laragon\\www\\hrmsaas.local\\vendor\\laravel\\framework\\src\\Illuminate\\View\\Factory.php(260): Illuminate\\View\\Factory->getEngineFromPath('X:\\\\laragon\\\\www\\\\...')
#12 X:\\laragon\\www\\hrmsaas.local\\vendor\\laravel\\framework\\src\\Illuminate\\View\\Factory.php(146): Illuminate\\View\\Factory->viewInstance('errors::500', 'X:\\\\laragon\\\\www\\\\...', Array)
#13 X:\\laragon\\www\\hrmsaas.local\\vendor\\laravel\\framework\\src\\Illuminate\\Routing\\ResponseFactory.php(85): Illuminate\\View\\Factory->make('errors::500', Array)
#14 X:\\laragon\\www\\hrmsaas.local\\vendor\\laravel\\framework\\src\\Illuminate\\Foundation\\Exceptions\\Handler.php(561): Illuminate\\Routing\\ResponseFactory->view('errors::500', Array, 500, Array)
#15 X:\\laragon\\www\\hrmsaas.local\\vendor\\laravel\\framework\\src\\Illuminate\\Foundation\\Exceptions\\Handler.php(466): Illuminate\\Foundation\\Exceptions\\Handler->renderHttpException(Object(Symfony\\Component\\HttpKernel\\Exception\\HttpException))
#16 X:\\laragon\\www\\hrmsaas.local\\vendor\\laravel\\framework\\src\\Illuminate\\Foundation\\Exceptions\\Handler.php(344): Illuminate\\Foundation\\Exceptions\\Handler->prepareResponse(Object(Illuminate\\Http\\Request), Object(Symfony\\Component\\HttpKernel\\Exception\\HttpException))
#17 X:\\laragon\\www\\hrmsaas.local\\app\\Exceptions\\Handler.php(53): Illuminate\\Foundation\\Exceptions\\Handler->render(Object(Illuminate\\Http\\Request), Object(InvalidArgumentException))
#18 X:\\laragon\\www\\hrmsaas.local\\vendor\\laravel\\framework\\src\\Illuminate\\Foundation\\Http\\Kernel.php(416): App\\Exceptions\\Handler->render(Object(Illuminate\\Http\\Request), Object(InvalidArgumentException))
#19 X:\\laragon\\www\\hrmsaas.local\\vendor\\laravel\\framework\\src\\Illuminate\\Foundation\\Http\\Kernel.php(114): Illuminate\\Foundation\\Http\\Kernel->renderException(Object(Illuminate\\Http\\Request), Object(InvalidArgumentException))
#20 X:\\laragon\\www\\hrmsaas.local\\public\\index.php(12): Illuminate\\Foundation\\Http\\Kernel->handle(Object(Illuminate\\Http\\Request))
#21 {main}
"} 
[2021-03-10 06:08:07] local.ERROR: Uncaught InvalidArgumentException: Please provide a valid cache path. in X:\laragon\www\hrmsaas.local\vendor\laravel\framework\src\Illuminate\View\Compilers\Compiler.php:36
Stack trace:
#0 X:\laragon\www\hrmsaas.local\vendor\laravel\framework\src\Illuminate\View\ViewServiceProvider.php(88): Illuminate\View\Compilers\Compiler->__construct(Object(Illuminate\Filesystem\Filesystem), false)
#1 X:\laragon\www\hrmsaas.local\vendor\laravel\framework\src\Illuminate\Container\Container.php(826): Illuminate\View\ViewServiceProvider->Illuminate\View\{closure}(Object(Illuminate\Foundation\Application), Array)
#2 X:\laragon\www\hrmsaas.local\vendor\laravel\framework\src\Illuminate\Container\Container.php(712): Illuminate\Container\Container->build(Object(Closure))
#3 X:\laragon\www\hrmsaas.local\vendor\laravel\framework\src\Illuminate\Foundation\Application.php(841): Illuminate\Container\Container->resolve('blade.compiler', Array, true)
#4 X:\laragon\www\hrmsaas.local\vendor\laravel\framework\src\Illuminate\Container\Conta {"exception":"[object] (Symfony\\Component\\ErrorHandler\\Error\\FatalError(code: 0): Uncaught InvalidArgumentException: Please provide a valid cache path. in X:\\laragon\\www\\hrmsaas.local\\vendor\\laravel\\framework\\src\\Illuminate\\View\\Compilers\\Compiler.php:36
Stack trace:
#0 X:\\laragon\\www\\hrmsaas.local\\vendor\\laravel\\framework\\src\\Illuminate\\View\\ViewServiceProvider.php(88): Illuminate\\View\\Compilers\\Compiler->__construct(Object(Illuminate\\Filesystem\\Filesystem), false)
#1 X:\\laragon\\www\\hrmsaas.local\\vendor\\laravel\\framework\\src\\Illuminate\\Container\\Container.php(826): Illuminate\\View\\ViewServiceProvider->Illuminate\\View\\{closure}(Object(Illuminate\\Foundation\\Application), Array)
#2 X:\\laragon\\www\\hrmsaas.local\\vendor\\laravel\\framework\\src\\Illuminate\\Container\\Container.php(712): Illuminate\\Container\\Container->build(Object(Closure))
#3 X:\\laragon\\www\\hrmsaas.local\\vendor\\laravel\\framework\\src\\Illuminate\\Foundation\\Application.php(841): Illuminate\\Container\\Container->resolve('blade.compiler', Array, true)
#4 X:\\laragon\\www\\hrmsaas.local\\vendor\\laravel\\framework\\src\\Illuminate\\Container\\Conta at X:\\laragon\\www\\hrmsaas.local\\vendor\\laravel\\framework\\src\\Illuminate\\View\\Compilers\\Compiler.php:36)
[stacktrace]
#0 {main}
"} 
[2021-03-10 06:08:11] local.ERROR: Please provide a valid cache path. {"exception":"[object] (InvalidArgumentException(code: 0): Please provide a valid cache path. at X:\\laragon\\www\\hrmsaas.local\\vendor\\laravel\\framework\\src\\Illuminate\\View\\Compilers\\Compiler.php:36)
[stacktrace]
#0 X:\\laragon\\www\\hrmsaas.local\\vendor\\laravel\\framework\\src\\Illuminate\\View\\ViewServiceProvider.php(88): Illuminate\\View\\Compilers\\Compiler->__construct(Object(Illuminate\\Filesystem\\Filesystem), false)
#1 X:\\laragon\\www\\hrmsaas.local\\vendor\\laravel\\framework\\src\\Illuminate\\Container\\Container.php(826): Illuminate\\View\\ViewServiceProvider->Illuminate\\View\\{closure}(Object(Illuminate\\Foundation\\Application), Array)
#2 X:\\laragon\\www\\hrmsaas.local\\vendor\\laravel\\framework\\src\\Illuminate\\Container\\Container.php(712): Illuminate\\Container\\Container->build(Object(Closure))
#3 X:\\laragon\\www\\hrmsaas.local\\vendor\\laravel\\framework\\src\\Illuminate\\Foundation\\Application.php(841): Illuminate\\Container\\Container->resolve('blade.compiler', Array, true)
#4 X:\\laragon\\www\\hrmsaas.local\\vendor\\laravel\\framework\\src\\Illuminate\\Container\\Container.php(651): Illuminate\\Foundation\\Application->resolve('blade.compiler', Array)
#5 X:\\laragon\\www\\hrmsaas.local\\vendor\\laravel\\framework\\src\\Illuminate\\Foundation\\Application.php(826): Illuminate\\Container\\Container->make('blade.compiler', Array)
#6 X:\\laragon\\www\\hrmsaas.local\\vendor\\laravel\\framework\\src\\Illuminate\\Container\\Container.php(1358): Illuminate\\Foundation\\Application->make('blade.compiler')
#7 X:\\laragon\\www\\hrmsaas.local\\vendor\\laravel\\framework\\src\\Illuminate\\View\\ViewServiceProvider.php(150): Illuminate\\Container\\Container->offsetGet('blade.compiler')
#8 [internal function]: Illuminate\\View\\ViewServiceProvider->Illuminate\\View\\{closure}()
#9 X:\\laragon\\www\\hrmsaas.local\\vendor\\laravel\\framework\\src\\Illuminate\\View\\Engines\\EngineResolver.php(55): call_user_func(Object(Closure))
#10 X:\\laragon\\www\\hrmsaas.local\\vendor\\facade\\ignition\\src\\IgnitionServiceProvider.php(415): Illuminate\\View\\Engines\\EngineResolver->resolve('blade')
#11 X:\\laragon\\www\\hrmsaas.local\\vendor\\facade\\ignition\\src\\IgnitionServiceProvider.php(138): Facade\\Ignition\\IgnitionServiceProvider->hasCustomViewEnginesRegistered()
#12 X:\\laragon\\www\\hrmsaas.local\\vendor\\facade\\ignition\\src\\IgnitionServiceProvider.php(88): Facade\\Ignition\\IgnitionServiceProvider->registerViewEngines()
#13 X:\\laragon\\www\\hrmsaas.local\\vendor\\laravel\\framework\\src\\Illuminate\\Container\\BoundMethod.php(36): Facade\\Ignition\\IgnitionServiceProvider->boot()
#14 X:\\laragon\\www\\hrmsaas.local\\vendor\\laravel\\framework\\src\\Illuminate\\Container\\Util.php(40): Illuminate\\Container\\BoundMethod::Illuminate\\Container\\{closure}()
#15 X:\\laragon\\www\\hrmsaas.local\\vendor\\laravel\\framework\\src\\Illuminate\\Container\\BoundMethod.php(93): Illuminate\\Container\\Util::unwrapIfClosure(Object(Closure))
#16 X:\\laragon\\www\\hrmsaas.local\\vendor\\laravel\\framework\\src\\Illuminate\\Container\\BoundMethod.php(37): Illuminate\\Container\\BoundMethod::callBoundMethod(Object(Illuminate\\Foundation\\Application), Array, Object(Closure))
#17 X:\\laragon\\www\\hrmsaas.local\\vendor\\laravel\\framework\\src\\Illuminate\\Container\\Container.php(610): Illuminate\\Container\\BoundMethod::call(Object(Illuminate\\Foundation\\Application), Array, Array, NULL)
#18 X:\\laragon\\www\\hrmsaas.local\\vendor\\laravel\\framework\\src\\Illuminate\\Foundation\\Application.php(914): Illuminate\\Container\\Container->call(Array)
#19 X:\\laragon\\www\\hrmsaas.local\\vendor\\laravel\\framework\\src\\Illuminate\\Foundation\\Application.php(895): Illuminate\\Foundation\\Application->bootProvider(Object(Facade\\Ignition\\IgnitionServiceProvider))
#20 [internal function]: Illuminate\\Foundation\\Application->Illuminate\\Foundation\\{closure}(Object(Facade\\Ignition\\IgnitionServiceProvider), 16)
#21 X:\\laragon\\www\\hrmsaas.local\\vendor\\laravel\\framework\\src\\Illuminate\\Foundation\\Application.php(896): array_walk(Array, Object(Closure))
#22 X:\\laragon\\www\\hrmsaas.local\\vendor\\laravel\\framework\\src\\Illuminate\\Foundation\\Bootstrap\\BootProviders.php(17): Illuminate\\Foundation\\Application->boot()
#23 X:\\laragon\\www\\hrmsaas.local\\vendor\\laravel\\framework\\src\\Illuminate\\Foundation\\Application.php(237): Illuminate\\Foundation\\Bootstrap\\BootProviders->bootstrap(Object(Illuminate\\Foundation\\Application))
#24 X:\\laragon\\www\\hrmsaas.local\\vendor\\laravel\\framework\\src\\Illuminate\\Foundation\\Http\\Kernel.php(152): Illuminate\\Foundation\\Application->bootstrapWith(Array)
#25 X:\\laragon\\www\\hrmsaas.local\\vendor\\laravel\\framework\\src\\Illuminate\\Foundation\\Http\\Kernel.php(136): Illuminate\\Foundation\\Http\\Kernel->bootstrap()
#26 X:\\laragon\\www\\hrmsaas.local\\vendor\\laravel\\framework\\src\\Illuminate\\Foundation\\Http\\Kernel.php(110): Illuminate\\Foundation\\Http\\Kernel->sendRequestThroughRouter(Object(Illuminate\\Http\\Request))
#27 X:\\laragon\\www\\hrmsaas.local\\public\\index.php(12): Illuminate\\Foundation\\Http\\Kernel->handle(Object(Illuminate\\Http\\Request))
#28 {main}
"} 
[2021-03-10 06:08:23] local.ERROR: Please provide a valid cache path. {"exception":"[object] (InvalidArgumentException(code: 0): Please provide a valid cache path. at X:\\laragon\\www\\hrmsaas.local\\vendor\\laravel\\framework\\src\\Illuminate\\View\\Compilers\\Compiler.php:36)
[stacktrace]
#0 X:\\laragon\\www\\hrmsaas.local\\vendor\\laravel\\framework\\src\\Illuminate\\View\\ViewServiceProvider.php(88): Illuminate\\View\\Compilers\\Compiler->__construct(Object(Illuminate\\Filesystem\\Filesystem), false)
#1 X:\\laragon\\www\\hrmsaas.local\\vendor\\laravel\\framework\\src\\Illuminate\\Container\\Container.php(826): Illuminate\\View\\ViewServiceProvider->Illuminate\\View\\{closure}(Object(Illuminate\\Foundation\\Application), Array)
#2 X:\\laragon\\www\\hrmsaas.local\\vendor\\laravel\\framework\\src\\Illuminate\\Container\\Container.php(712): Illuminate\\Container\\Container->build(Object(Closure))
#3 X:\\laragon\\www\\hrmsaas.local\\vendor\\laravel\\framework\\src\\Illuminate\\Foundation\\Application.php(841): Illuminate\\Container\\Container->resolve('blade.compiler', Array, true)
#4 X:\\laragon\\www\\hrmsaas.local\\vendor\\laravel\\framework\\src\\Illuminate\\Container\\Container.php(651): Illuminate\\Foundation\\Application->resolve('blade.compiler', Array)
#5 X:\\laragon\\www\\hrmsaas.local\\vendor\\laravel\\framework\\src\\Illuminate\\Foundation\\Application.php(826): Illuminate\\Container\\Container->make('blade.compiler', Array)
#6 X:\\laragon\\www\\hrmsaas.local\\vendor\\laravel\\framework\\src\\Illuminate\\Container\\Container.php(1358): Illuminate\\Foundation\\Application->make('blade.compiler')
#7 X:\\laragon\\www\\hrmsaas.local\\vendor\\laravel\\framework\\src\\Illuminate\\View\\ViewServiceProvider.php(150): Illuminate\\Container\\Container->offsetGet('blade.compiler')
#8 [internal function]: Illuminate\\View\\ViewServiceProvider->Illuminate\\View\\{closure}()
#9 X:\\laragon\\www\\hrmsaas.local\\vendor\\laravel\\framework\\src\\Illuminate\\View\\Engines\\EngineResolver.php(55): call_user_func(Object(Closure))
#10 X:\\laragon\\www\\hrmsaas.local\\vendor\\facade\\ignition\\src\\IgnitionServiceProvider.php(415): Illuminate\\View\\Engines\\EngineResolver->resolve('blade')
#11 X:\\laragon\\www\\hrmsaas.local\\vendor\\facade\\ignition\\src\\IgnitionServiceProvider.php(138): Facade\\Ignition\\IgnitionServiceProvider->hasCustomViewEnginesRegistered()
#12 X:\\laragon\\www\\hrmsaas.local\\vendor\\facade\\ignition\\src\\IgnitionServiceProvider.php(88): Facade\\Ignition\\IgnitionServiceProvider->registerViewEngines()
#13 X:\\laragon\\www\\hrmsaas.local\\vendor\\laravel\\framework\\src\\Illuminate\\Container\\BoundMethod.php(36): Facade\\Ignition\\IgnitionServiceProvider->boot()
#14 X:\\laragon\\www\\hrmsaas.local\\vendor\\laravel\\framework\\src\\Illuminate\\Container\\Util.php(40): Illuminate\\Container\\BoundMethod::Illuminate\\Container\\{closure}()
#15 X:\\laragon\\www\\hrmsaas.local\\vendor\\laravel\\framework\\src\\Illuminate\\Container\\BoundMethod.php(93): Illuminate\\Container\\Util::unwrapIfClosure(Object(Closure))
#16 X:\\laragon\\www\\hrmsaas.local\\vendor\\laravel\\framework\\src\\Illuminate\\Container\\BoundMethod.php(37): Illuminate\\Container\\BoundMethod::callBoundMethod(Object(Illuminate\\Foundation\\Application), Array, Object(Closure))
#17 X:\\laragon\\www\\hrmsaas.local\\vendor\\laravel\\framework\\src\\Illuminate\\Container\\Container.php(610): Illuminate\\Container\\BoundMethod::call(Object(Illuminate\\Foundation\\Application), Array, Array, NULL)
#18 X:\\laragon\\www\\hrmsaas.local\\vendor\\laravel\\framework\\src\\Illuminate\\Foundation\\Application.php(914): Illuminate\\Container\\Container->call(Array)
#19 X:\\laragon\\www\\hrmsaas.local\\vendor\\laravel\\framework\\src\\Illuminate\\Foundation\\Application.php(895): Illuminate\\Foundation\\Application->bootProvider(Object(Facade\\Ignition\\IgnitionServiceProvider))
#20 [internal function]: Illuminate\\Foundation\\Application->Illuminate\\Foundation\\{closure}(Object(Facade\\Ignition\\IgnitionServiceProvider), 16)
#21 X:\\laragon\\www\\hrmsaas.local\\vendor\\laravel\\framework\\src\\Illuminate\\Foundation\\Application.php(896): array_walk(Array, Object(Closure))
#22 X:\\laragon\\www\\hrmsaas.local\\vendor\\laravel\\framework\\src\\Illuminate\\Foundation\\Bootstrap\\BootProviders.php(17): Illuminate\\Foundation\\Application->boot()
#23 X:\\laragon\\www\\hrmsaas.local\\vendor\\laravel\\framework\\src\\Illuminate\\Foundation\\Application.php(237): Illuminate\\Foundation\\Bootstrap\\BootProviders->bootstrap(Object(Illuminate\\Foundation\\Application))
#24 X:\\laragon\\www\\hrmsaas.local\\vendor\\laravel\\framework\\src\\Illuminate\\Foundation\\Console\\Kernel.php(310): Illuminate\\Foundation\\Application->bootstrapWith(Array)
#25 X:\\laragon\\www\\hrmsaas.local\\vendor\\laravel\\framework\\src\\Illuminate\\Foundation\\Console\\Kernel.php(127): Illuminate\\Foundation\\Console\\Kernel->bootstrap()
#26 X:\\laragon\\www\\hrmsaas.local\\artisan(14): Illuminate\\Foundation\\Console\\Kernel->handle(Object(Symfony\\Component\\Console\\Input\\ArgvInput), Object(Symfony\\Component\\Console\\Output\\ConsoleOutput))
#27 {main}
"} 
[2021-03-10 06:09:49] local.ERROR: Please provide a valid cache path. {"exception":"[object] (InvalidArgumentException(code: 0): Please provide a valid cache path. at X:\\laragon\\www\\hrmsaas.local\\vendor\\laravel\\framework\\src\\Illuminate\\View\\Compilers\\Compiler.php:36)
[stacktrace]
#0 X:\\laragon\\www\\hrmsaas.local\\vendor\\laravel\\framework\\src\\Illuminate\\View\\ViewServiceProvider.php(88): Illuminate\\View\\Compilers\\Compiler->__construct(Object(Illuminate\\Filesystem\\Filesystem), false)
#1 X:\\laragon\\www\\hrmsaas.local\\vendor\\laravel\\framework\\src\\Illuminate\\Container\\Container.php(826): Illuminate\\View\\ViewServiceProvider->Illuminate\\View\\{closure}(Object(Illuminate\\Foundation\\Application), Array)
#2 X:\\laragon\\www\\hrmsaas.local\\vendor\\laravel\\framework\\src\\Illuminate\\Container\\Container.php(712): Illuminate\\Container\\Container->build(Object(Closure))
#3 X:\\laragon\\www\\hrmsaas.local\\vendor\\laravel\\framework\\src\\Illuminate\\Foundation\\Application.php(841): Illuminate\\Container\\Container->resolve('blade.compiler', Array, true)
#4 X:\\laragon\\www\\hrmsaas.local\\vendor\\laravel\\framework\\src\\Illuminate\\Container\\Container.php(651): Illuminate\\Foundation\\Application->resolve('blade.compiler', Array)
#5 X:\\laragon\\www\\hrmsaas.local\\vendor\\laravel\\framework\\src\\Illuminate\\Foundation\\Application.php(826): Illuminate\\Container\\Container->make('blade.compiler', Array)
#6 X:\\laragon\\www\\hrmsaas.local\\vendor\\laravel\\framework\\src\\Illuminate\\Container\\Container.php(1358): Illuminate\\Foundation\\Application->make('blade.compiler')
#7 X:\\laragon\\www\\hrmsaas.local\\vendor\\laravel\\framework\\src\\Illuminate\\View\\ViewServiceProvider.php(150): Illuminate\\Container\\Container->offsetGet('blade.compiler')
#8 [internal function]: Illuminate\\View\\ViewServiceProvider->Illuminate\\View\\{closure}()
#9 X:\\laragon\\www\\hrmsaas.local\\vendor\\laravel\\framework\\src\\Illuminate\\View\\Engines\\EngineResolver.php(55): call_user_func(Object(Closure))
#10 X:\\laragon\\www\\hrmsaas.local\\vendor\\facade\\ignition\\src\\IgnitionServiceProvider.php(415): Illuminate\\View\\Engines\\EngineResolver->resolve('blade')
#11 X:\\laragon\\www\\hrmsaas.local\\vendor\\facade\\ignition\\src\\IgnitionServiceProvider.php(138): Facade\\Ignition\\IgnitionServiceProvider->hasCustomViewEnginesRegistered()
#12 X:\\laragon\\www\\hrmsaas.local\\vendor\\facade\\ignition\\src\\IgnitionServiceProvider.php(88): Facade\\Ignition\\IgnitionServiceProvider->registerViewEngines()
#13 X:\\laragon\\www\\hrmsaas.local\\vendor\\laravel\\framework\\src\\Illuminate\\Container\\BoundMethod.php(36): Facade\\Ignition\\IgnitionServiceProvider->boot()
#14 X:\\laragon\\www\\hrmsaas.local\\vendor\\laravel\\framework\\src\\Illuminate\\Container\\Util.php(40): Illuminate\\Container\\BoundMethod::Illuminate\\Container\\{closure}()
#15 X:\\laragon\\www\\hrmsaas.local\\vendor\\laravel\\framework\\src\\Illuminate\\Container\\BoundMethod.php(93): Illuminate\\Container\\Util::unwrapIfClosure(Object(Closure))
#16 X:\\laragon\\www\\hrmsaas.local\\vendor\\laravel\\framework\\src\\Illuminate\\Container\\BoundMethod.php(37): Illuminate\\Container\\BoundMethod::callBoundMethod(Object(Illuminate\\Foundation\\Application), Array, Object(Closure))
#17 X:\\laragon\\www\\hrmsaas.local\\vendor\\laravel\\framework\\src\\Illuminate\\Container\\Container.php(610): Illuminate\\Container\\BoundMethod::call(Object(Illuminate\\Foundation\\Application), Array, Array, NULL)
#18 X:\\laragon\\www\\hrmsaas.local\\vendor\\laravel\\framework\\src\\Illuminate\\Foundation\\Application.php(914): Illuminate\\Container\\Container->call(Array)
#19 X:\\laragon\\www\\hrmsaas.local\\vendor\\laravel\\framework\\src\\Illuminate\\Foundation\\Application.php(895): Illuminate\\Foundation\\Application->bootProvider(Object(Facade\\Ignition\\IgnitionServiceProvider))
#20 [internal function]: Illuminate\\Foundation\\Application->Illuminate\\Foundation\\{closure}(Object(Facade\\Ignition\\IgnitionServiceProvider), 16)
#21 X:\\laragon\\www\\hrmsaas.local\\vendor\\laravel\\framework\\src\\Illuminate\\Foundation\\Application.php(896): array_walk(Array, Object(Closure))
#22 X:\\laragon\\www\\hrmsaas.local\\vendor\\laravel\\framework\\src\\Illuminate\\Foundation\\Bootstrap\\BootProviders.php(17): Illuminate\\Foundation\\Application->boot()
#23 X:\\laragon\\www\\hrmsaas.local\\vendor\\laravel\\framework\\src\\Illuminate\\Foundation\\Application.php(237): Illuminate\\Foundation\\Bootstrap\\BootProviders->bootstrap(Object(Illuminate\\Foundation\\Application))
#24 X:\\laragon\\www\\hrmsaas.local\\vendor\\laravel\\framework\\src\\Illuminate\\Foundation\\Console\\Kernel.php(310): Illuminate\\Foundation\\Application->bootstrapWith(Array)
#25 X:\\laragon\\www\\hrmsaas.local\\vendor\\laravel\\framework\\src\\Illuminate\\Foundation\\Console\\Kernel.php(127): Illuminate\\Foundation\\Console\\Kernel->bootstrap()
#26 X:\\laragon\\www\\hrmsaas.local\\artisan(14): Illuminate\\Foundation\\Console\\Kernel->handle(Object(Symfony\\Component\\Console\\Input\\ArgvInput), Object(Symfony\\Component\\Console\\Output\\ConsoleOutput))
#27 {main}
"} 
